<?xml version="1.0" encoding="UTF-8"?>
<!-- Generated by org.testng.reporters.JUnitReportReporter -->
<testsuite hostname="DESKTOP-6OUMR1L" failures="0" tests="3" name="maven_demo.mavenprac2.Dose2Test" time="0.004" errors="0" timestamp="2021-11-04T22:29:01 IST" skipped="0">
  <testcase classname="maven_demo.mavenprac2.Dose2Test" name="hollywodDirector" time="0.004"/>
  <system-out/>
  <testcase classname="maven_demo.mavenprac2.Dose2Test" name="hollywoodActor" time="0.000"/>
  <system-out/>
  <testcase classname="maven_demo.mavenprac2.Dose2Test" name="hollywoodActress" time="0.000"/>
  <system-out/>
</testsuite> <!-- maven_demo.mavenprac2.Dose2Test -->
