<?xml version="1.0" encoding="UTF-8"?>
<!-- Generated by org.testng.reporters.JUnitReportReporter -->
<testsuite hostname="DESKTOP-6OUMR1L" failures="0" tests="3" name="maven_demo.mavenprac2.Dose3Test" time="0.000" errors="0" timestamp="2021-11-04T22:28:47 IST" skipped="0">
  <testcase classname="maven_demo.mavenprac2.Dose3Test" name="bollywoodActress" time="0.000"/>
  <system-out/>
  <testcase classname="maven_demo.mavenprac2.Dose3Test" name="bollywoodDirector" time="0.000"/>
  <system-out/>
  <testcase classname="maven_demo.mavenprac2.Dose3Test" name="bollywoodActor" time="0.000"/>
  <system-out/>
</testsuite> <!-- maven_demo.mavenprac2.Dose3Test -->
